[27-Nov-2025 06:44:54 Europe/Berlin] File uploaded successfully by user 1: login_image_1764222294_e5160629ebe46f1d.jpeg
[27-Nov-2025 15:42:58 Europe/Berlin] File uploaded successfully by user 1: login_image_1764254578_8d940d0a7b223ce9.png
[27-Nov-2025 15:54:06 Europe/Berlin] File uploaded successfully by user 1: login_image_1764255246_b62fbf1898dc2961.png
[27-Nov-2025 16:46:15 Europe/Berlin] File uploaded successfully by user 1: login_image_1764258375_dacfd725ed279e75.jpg
[27-Nov-2025 16:56:49 Europe/Berlin] File uploaded successfully by user 1: login_image_1764259009_1ceff49d9387b091.jpeg
[27-Nov-2025 17:02:20 Europe/Berlin] File uploaded successfully by user 1: login_image_1764259340_5090aea03a8d7185.jpg
[27-Nov-2025 17:04:26 Europe/Berlin] File uploaded successfully by user 1: login_image_1764259466_ea276005b1ffbda7.jpg
[27-Nov-2025 17:09:46 Europe/Berlin] File uploaded successfully by user 1: login_image_1764259786_24f15a16e5c9e373.jpg
[27-Nov-2025 17:10:58 Europe/Berlin] File uploaded successfully by user 1: login_image_1764259858_19903626e3766665.jpg
[27-Nov-2025 17:11:57 Europe/Berlin] File uploaded successfully by user 1: login_image_1764259917_adb3bfc1da7ed892.jpg
[27-Nov-2025 18:11:53 Europe/Berlin] File uploaded successfully by user 1: login_image_night_1764263513_475920f0310a69bc.jpg
[27-Nov-2025 18:11:54 Europe/Berlin] File uploaded successfully by user 1: login_image_day_1764263514_5522ab79a287f1d5.jpg
[28-Nov-2025 02:28:59 Europe/Berlin] PHP Fatal error:  Uncaught PDOException: SQLSTATE[42702]: Ambiguous column: 7 ERROR:  la referencia a la columna «fecha_hora» es ambigua
LINE 11: ...     WHERE ($1 = 0 OR ma.id_tanque = $2) AND DATE(fecha_hora...
                                                              ^ in C:\xampp\htdocs\m_laboratorio\assets\php\laboratorio_api.php:976
Stack trace:
#0 C:\xampp\htdocs\m_laboratorio\assets\php\laboratorio_api.php(976): PDOStatement->execute(Array)
#1 {main}
  thrown in C:\xampp\htdocs\m_laboratorio\assets\php\laboratorio_api.php on line 976
[28-Nov-2025 02:29:02 Europe/Berlin] PHP Fatal error:  Uncaught PDOException: SQLSTATE[42702]: Ambiguous column: 7 ERROR:  la referencia a la columna «fecha_hora» es ambigua
LINE 11: ...     WHERE ($1 = 0 OR ma.id_tanque = $2) AND DATE(fecha_hora...
                                                              ^ in C:\xampp\htdocs\m_laboratorio\assets\php\laboratorio_api.php:976
Stack trace:
#0 C:\xampp\htdocs\m_laboratorio\assets\php\laboratorio_api.php(976): PDOStatement->execute(Array)
#1 {main}
  thrown in C:\xampp\htdocs\m_laboratorio\assets\php\laboratorio_api.php on line 976
[28-Nov-2025 02:40:34 Europe/Berlin] PHP Fatal error:  Uncaught PDOException: SQLSTATE[42702]: Ambiguous column: 7 ERROR:  la referencia a la columna «fecha_hora» es ambigua
LINE 11: ...     WHERE ($1 = 0 OR ma.id_tanque = $2) AND DATE(fecha_hora...
                                                              ^ in C:\xampp\htdocs\m_laboratorio\assets\php\laboratorio_api.php:976
Stack trace:
#0 C:\xampp\htdocs\m_laboratorio\assets\php\laboratorio_api.php(976): PDOStatement->execute(Array)
#1 {main}
  thrown in C:\xampp\htdocs\m_laboratorio\assets\php\laboratorio_api.php on line 976
[28-Nov-2025 02:40:42 Europe/Berlin] PHP Fatal error:  Uncaught PDOException: SQLSTATE[42702]: Ambiguous column: 7 ERROR:  la referencia a la columna «fecha_hora» es ambigua
LINE 11: ...     WHERE ($1 = 0 OR ma.id_tanque = $2) AND DATE(fecha_hora...
                                                              ^ in C:\xampp\htdocs\m_laboratorio\assets\php\laboratorio_api.php:976
Stack trace:
#0 C:\xampp\htdocs\m_laboratorio\assets\php\laboratorio_api.php(976): PDOStatement->execute(Array)
#1 {main}
  thrown in C:\xampp\htdocs\m_laboratorio\assets\php\laboratorio_api.php on line 976
[28-Nov-2025 03:15:02 Europe/Berlin] Laboratory API PDO Error: SQLSTATE[42702]: Ambiguous column: 7 ERROR:  la referencia a la columna «fecha_hora» es ambigua
LINE 11: ...     WHERE ($1 = 0 OR ma.id_tanque = $2) AND DATE(fecha_hora...
                                                              ^
[28-Nov-2025 03:15:09 Europe/Berlin] Laboratory API PDO Error: SQLSTATE[42702]: Ambiguous column: 7 ERROR:  la referencia a la columna «fecha_hora» es ambigua
LINE 11: ...     WHERE ($1 = 0 OR ma.id_tanque = $2) AND DATE(fecha_hora...
                                                              ^
[28-Nov-2025 03:36:19 Europe/Berlin] PHP Warning:  Undefined array key "enunciado" in C:\xampp\htdocs\m_capacitaciones\assets\php\evaluacion_api.php on line 83
[28-Nov-2025 03:36:31 Europe/Berlin] PHP Warning:  Undefined array key "enunciado" in C:\xampp\htdocs\m_capacitaciones\assets\php\evaluacion_api.php on line 83
[28-Nov-2025 03:39:13 Europe/Berlin] PHP Warning:  Undefined array key "enunciado" in C:\xampp\htdocs\m_capacitaciones\assets\php\evaluacion_api.php on line 83
[28-Nov-2025 03:40:10 Europe/Berlin] PHP Warning:  Undefined array key "enunciado" in C:\xampp\htdocs\m_capacitaciones\assets\php\evaluacion_api.php on line 83
[28-Nov-2025 05:38:44 Europe/Berlin] Laboratory API PDO Error: SQLSTATE[42702]: Ambiguous column: 7 ERROR:  la referencia a la columna «fecha_hora» es ambigua
LINE 11: ...     WHERE ($1 = 0 OR ma.id_tanque = $2) AND DATE(fecha_hora...
                                                              ^
[28-Nov-2025 13:10:25 Europe/Berlin] Laboratory API PDO Error: SQLSTATE[42702]: Ambiguous column: 7 ERROR:  la referencia a la columna «fecha_hora» es ambigua
LINE 11: ...     WHERE ($1 = 0 OR ma.id_tanque = $2) AND DATE(fecha_hora...
                                                              ^
[28-Nov-2025 14:04:33 Europe/Berlin] Laboratory API PDO Error: SQLSTATE[42702]: Ambiguous column: 7 ERROR:  la referencia a la columna «fecha_hora» es ambigua
LINE 11: ...     WHERE ($1 = 0 OR ma.id_tanque = $2) AND DATE(fecha_hora...
                                                              ^
[28-Nov-2025 14:28:49 Europe/Berlin] PHP Warning:  Undefined array key "id_colaborador" in C:\xampp\htdocs\m_capacitaciones\assets\php\evaluacion_api.php on line 207
[28-Nov-2025 14:28:49 Europe/Berlin] PHP Warning:  Undefined array key "id_colaborador" in C:\xampp\htdocs\m_capacitaciones\assets\php\evaluacion_api.php on line 213
[28-Nov-2025 14:29:16 Europe/Berlin] PHP Warning:  Undefined array key "id_colaborador" in C:\xampp\htdocs\m_capacitaciones\assets\php\evaluacion_api.php on line 207
[28-Nov-2025 14:29:16 Europe/Berlin] PHP Warning:  Undefined array key "id_colaborador" in C:\xampp\htdocs\m_capacitaciones\assets\php\evaluacion_api.php on line 213
[28-Nov-2025 14:30:28 Europe/Berlin] PHP Warning:  Undefined array key "id_colaborador" in C:\xampp\htdocs\m_capacitaciones\assets\php\evaluacion_api.php on line 207
[28-Nov-2025 14:30:28 Europe/Berlin] PHP Warning:  Undefined array key "id_colaborador" in C:\xampp\htdocs\m_capacitaciones\assets\php\evaluacion_api.php on line 213
[28-Nov-2025 14:30:39 Europe/Berlin] PHP Warning:  Undefined array key "id_colaborador" in C:\xampp\htdocs\m_capacitaciones\assets\php\evaluacion_api.php on line 207
[28-Nov-2025 14:30:39 Europe/Berlin] PHP Warning:  Undefined array key "id_colaborador" in C:\xampp\htdocs\m_capacitaciones\assets\php\evaluacion_api.php on line 213
[28-Nov-2025 14:31:36 Europe/Berlin] PHP Warning:  Undefined array key "id_colaborador" in C:\xampp\htdocs\m_capacitaciones\assets\php\evaluacion_api.php on line 207
[28-Nov-2025 14:31:36 Europe/Berlin] PHP Warning:  Undefined array key "id_colaborador" in C:\xampp\htdocs\m_capacitaciones\assets\php\evaluacion_api.php on line 213
[28-Nov-2025 14:39:12 Europe/Berlin] PHP Warning:  Undefined array key "id_colaborador" in C:\xampp\htdocs\m_capacitaciones\assets\php\evaluacion_api.php on line 207
[28-Nov-2025 14:39:12 Europe/Berlin] PHP Warning:  Undefined array key "id_colaborador" in C:\xampp\htdocs\m_capacitaciones\assets\php\evaluacion_api.php on line 213
[28-Nov-2025 14:52:39 Europe/Berlin] PHP Warning:  Undefined array key "id_colaborador" in C:\xampp\htdocs\m_capacitaciones\assets\php\evaluacion_api.php on line 207
[28-Nov-2025 14:52:39 Europe/Berlin] PHP Warning:  Undefined array key "id_colaborador" in C:\xampp\htdocs\m_capacitaciones\assets\php\evaluacion_api.php on line 213
[28-Nov-2025 14:53:59 Europe/Berlin] PHP Warning:  Undefined array key "id_colaborador" in C:\xampp\htdocs\m_capacitaciones\assets\php\evaluacion_api.php on line 207
[28-Nov-2025 14:53:59 Europe/Berlin] PHP Warning:  Undefined array key "id_colaborador" in C:\xampp\htdocs\m_capacitaciones\assets\php\evaluacion_api.php on line 213
[28-Nov-2025 14:54:34 Europe/Berlin] PHP Warning:  Undefined array key "id_colaborador" in C:\xampp\htdocs\m_capacitaciones\assets\php\evaluacion_api.php on line 207
[28-Nov-2025 14:54:34 Europe/Berlin] PHP Warning:  Undefined array key "id_colaborador" in C:\xampp\htdocs\m_capacitaciones\assets\php\evaluacion_api.php on line 213
[28-Nov-2025 14:54:46 Europe/Berlin] PHP Warning:  Undefined array key "id_colaborador" in C:\xampp\htdocs\m_capacitaciones\assets\php\evaluacion_api.php on line 207
[28-Nov-2025 14:54:46 Europe/Berlin] PHP Warning:  Undefined array key "id_colaborador" in C:\xampp\htdocs\m_capacitaciones\assets\php\evaluacion_api.php on line 213
[28-Nov-2025 14:55:53 Europe/Berlin] PHP Warning:  Undefined array key "id_colaborador" in C:\xampp\htdocs\m_capacitaciones\assets\php\evaluacion_api.php on line 207
[28-Nov-2025 14:55:53 Europe/Berlin] PHP Warning:  Undefined array key "id_colaborador" in C:\xampp\htdocs\m_capacitaciones\assets\php\evaluacion_api.php on line 213
[28-Nov-2025 14:58:21 Europe/Berlin] PHP Warning:  Undefined array key "id_colaborador" in C:\xampp\htdocs\m_capacitaciones\assets\php\evaluacion_api.php on line 207
[28-Nov-2025 14:58:21 Europe/Berlin] PHP Warning:  Undefined array key "id_colaborador" in C:\xampp\htdocs\m_capacitaciones\assets\php\evaluacion_api.php on line 213
[28-Nov-2025 14:59:57 Europe/Berlin] PHP Warning:  Undefined array key "id_colaborador" in C:\xampp\htdocs\m_capacitaciones\assets\php\evaluacion_api.php on line 207
[28-Nov-2025 14:59:57 Europe/Berlin] PHP Warning:  Undefined array key "id_colaborador" in C:\xampp\htdocs\m_capacitaciones\assets\php\evaluacion_api.php on line 213
[28-Nov-2025 15:03:54 Europe/Berlin] PHP Warning:  Undefined array key "id_colaborador" in C:\xampp\htdocs\m_capacitaciones\assets\php\evaluacion_api.php on line 207
[28-Nov-2025 15:03:54 Europe/Berlin] PHP Warning:  Undefined array key "id_colaborador" in C:\xampp\htdocs\m_capacitaciones\assets\php\evaluacion_api.php on line 213
[28-Nov-2025 15:08:06 Europe/Berlin] PHP Warning:  Undefined array key "id_colaborador" in C:\xampp\htdocs\m_capacitaciones\assets\php\evaluacion_api.php on line 207
[28-Nov-2025 15:08:06 Europe/Berlin] PHP Warning:  Undefined array key "id_colaborador" in C:\xampp\htdocs\m_capacitaciones\assets\php\evaluacion_api.php on line 213
[28-Nov-2025 15:08:09 Europe/Berlin] PHP Warning:  Undefined array key "id_colaborador" in C:\xampp\htdocs\m_capacitaciones\assets\php\evaluacion_api.php on line 207
[28-Nov-2025 15:08:09 Europe/Berlin] PHP Warning:  Undefined array key "id_colaborador" in C:\xampp\htdocs\m_capacitaciones\assets\php\evaluacion_api.php on line 213
[28-Nov-2025 15:17:37 Europe/Berlin] PHP Warning:  Undefined array key "id_colaborador" in C:\xampp\htdocs\m_capacitaciones\assets\php\evaluacion_api.php on line 207
[28-Nov-2025 15:17:37 Europe/Berlin] PHP Warning:  Undefined array key "id_colaborador" in C:\xampp\htdocs\m_capacitaciones\assets\php\evaluacion_api.php on line 213
[28-Nov-2025 15:17:39 Europe/Berlin] PHP Warning:  Undefined array key "id_colaborador" in C:\xampp\htdocs\m_capacitaciones\assets\php\evaluacion_api.php on line 207
[28-Nov-2025 15:17:39 Europe/Berlin] PHP Warning:  Undefined array key "id_colaborador" in C:\xampp\htdocs\m_capacitaciones\assets\php\evaluacion_api.php on line 213
[28-Nov-2025 15:20:47 Europe/Berlin] PHP Warning:  Undefined array key "id_colaborador" in C:\xampp\htdocs\m_capacitaciones\assets\php\evaluacion_api.php on line 207
[28-Nov-2025 15:20:50 Europe/Berlin] PHP Warning:  Undefined array key "id_colaborador" in C:\xampp\htdocs\m_capacitaciones\assets\php\evaluacion_api.php on line 207
[28-Nov-2025 15:20:50 Europe/Berlin] PHP Warning:  Undefined array key "id_colaborador" in C:\xampp\htdocs\m_capacitaciones\assets\php\evaluacion_api.php on line 222
[28-Nov-2025 19:00:23 Europe/Berlin] Laboratory API PDO Error: SQLSTATE[42702]: Ambiguous column: 7 ERROR:  la referencia a la columna «fecha_hora» es ambigua
LINE 11: ...     WHERE ($1 = 0 OR ma.id_tanque = $2) AND DATE(fecha_hora...
                                                              ^
[29-Nov-2025 19:13:42 Europe/Berlin] Laboratory API PDO Error: SQLSTATE[42702]: Ambiguous column: 7 ERROR:  la referencia a la columna «fecha_hora» es ambigua
LINE 11: ...     WHERE ($1 = 0 OR ma.id_tanque = $2) AND DATE(fecha_hora...
                                                              ^
[01-Dec-2025 19:25:32 Europe/Berlin] Laboratory API PDO Error: SQLSTATE[42702]: Ambiguous column: 7 ERROR:  la referencia a la columna «fecha_hora» es ambigua
LINE 11: ...     WHERE ($1 = 0 OR ma.id_tanque = $2) AND DATE(fecha_hora...
                                                              ^
[01-Dec-2025 21:20:39 Europe/Berlin] File uploaded successfully by user 1: login_image_day_1764620439_dc46f8dbcd176ec2.jpg
[01-Dec-2025 21:20:50 Europe/Berlin] File uploaded successfully by user 1: login_image_night_1764620450_5666eff789adfea7.jpg
[01-Dec-2025 22:20:01 Europe/Berlin] Laboratory API PDO Error: SQLSTATE[42702]: Ambiguous column: 7 ERROR:  la referencia a la columna «fecha_hora» es ambigua
LINE 11: ...     WHERE ($1 = 0 OR ma.id_tanque = $2) AND DATE(fecha_hora...
                                                              ^
[02-Dec-2025 00:27:00 Europe/Berlin] Training file uploaded by user 1 for form 459: Cuenta_Cobro_Enero_1764631620_7209c4b3d32abea2.pdf
[02-Dec-2025 02:45:00 Europe/Berlin] File uploaded successfully by user 1: login_image_day_1764639900_02b696517e5235af.jpg
[02-Dec-2025 02:45:02 Europe/Berlin] File uploaded successfully by user 1: login_image_night_1764639902_4279cf686acd9c0c.jpg
[02-Dec-2025 12:58:03 Europe/Berlin] Laboratory API PDO Error: SQLSTATE[42702]: Ambiguous column: 7 ERROR:  la referencia a la columna «fecha_hora» es ambigua
LINE 11: ...     WHERE ($1 = 0 OR ma.id_tanque = $2) AND DATE(fecha_hora...
                                                              ^
[02-Dec-2025 13:01:03 Europe/Berlin] Laboratory API PDO Error: SQLSTATE[42702]: Ambiguous column: 7 ERROR:  la referencia a la columna «fecha_hora» es ambigua
LINE 11: ...     WHERE ($1 = 0 OR ma.id_tanque = $2) AND DATE(fecha_hora...
                                                              ^
[02-Dec-2025 16:13:56 Europe/Berlin] Laboratory API PDO Error: SQLSTATE[42702]: Ambiguous column: 7 ERROR:  la referencia a la columna «fecha_hora» es ambigua
LINE 11: ...     WHERE ($1 = 0 OR ma.id_tanque = $2) AND DATE(fecha_hora...
                                                              ^
[02-Dec-2025 20:03:59 Europe/Berlin] PHP Warning:  Undefined variable $id_header in C:\xampp\htdocs\m_capacitaciones\assets\php\evaluacion_api.php on line 82
[02-Dec-2025 20:03:59 Europe/Berlin] PHP Warning:  Undefined variable $id_header in C:\xampp\htdocs\m_capacitaciones\assets\php\evaluacion_api.php on line 93
[02-Dec-2025 20:03:59 Europe/Berlin] PHP Warning:  Undefined variable $id_header in C:\xampp\htdocs\m_capacitaciones\assets\php\evaluacion_api.php on line 93
[02-Dec-2025 20:03:59 Europe/Berlin] PHP Warning:  Undefined variable $id_header in C:\xampp\htdocs\m_capacitaciones\assets\php\evaluacion_api.php on line 103
[02-Dec-2025 20:05:18 Europe/Berlin] PHP Warning:  Undefined variable $id_header in C:\xampp\htdocs\m_capacitaciones\assets\php\evaluacion_api.php on line 82
[02-Dec-2025 20:05:18 Europe/Berlin] PHP Warning:  Undefined variable $id_header in C:\xampp\htdocs\m_capacitaciones\assets\php\evaluacion_api.php on line 93
[02-Dec-2025 20:05:18 Europe/Berlin] PHP Warning:  Undefined variable $id_header in C:\xampp\htdocs\m_capacitaciones\assets\php\evaluacion_api.php on line 93
[02-Dec-2025 20:05:18 Europe/Berlin] PHP Warning:  Undefined variable $id_header in C:\xampp\htdocs\m_capacitaciones\assets\php\evaluacion_api.php on line 103
[02-Dec-2025 20:06:47 Europe/Berlin] PHP Warning:  Undefined variable $id_header in C:\xampp\htdocs\m_capacitaciones\assets\php\evaluacion_api.php on line 82
[02-Dec-2025 20:06:47 Europe/Berlin] PHP Warning:  Undefined variable $id_header in C:\xampp\htdocs\m_capacitaciones\assets\php\evaluacion_api.php on line 93
[02-Dec-2025 20:06:47 Europe/Berlin] PHP Warning:  Undefined variable $id_header in C:\xampp\htdocs\m_capacitaciones\assets\php\evaluacion_api.php on line 93
[02-Dec-2025 20:06:47 Europe/Berlin] PHP Warning:  Undefined variable $id_header in C:\xampp\htdocs\m_capacitaciones\assets\php\evaluacion_api.php on line 103
[02-Dec-2025 20:41:43 Europe/Berlin] PHP Warning:  Undefined variable $limit in C:\xampp\htdocs\m_capacitaciones\assets\php\evaluacion_api.php on line 375
[02-Dec-2025 20:41:43 Europe/Berlin] PHP Warning:  Undefined variable $limit in C:\xampp\htdocs\m_capacitaciones\assets\php\evaluacion_api.php on line 385
[02-Dec-2025 20:41:43 Europe/Berlin] PHP Fatal error:  Uncaught DivisionByZeroError: Division by zero in C:\xampp\htdocs\m_capacitaciones\assets\php\evaluacion_api.php:385
Stack trace:
#0 {main}
  thrown in C:\xampp\htdocs\m_capacitaciones\assets\php\evaluacion_api.php on line 385
[02-Dec-2025 20:41:45 Europe/Berlin] PHP Warning:  Undefined variable $limit in C:\xampp\htdocs\m_capacitaciones\assets\php\evaluacion_api.php on line 375
[02-Dec-2025 20:41:45 Europe/Berlin] PHP Warning:  Undefined variable $limit in C:\xampp\htdocs\m_capacitaciones\assets\php\evaluacion_api.php on line 385
[02-Dec-2025 20:41:45 Europe/Berlin] PHP Fatal error:  Uncaught DivisionByZeroError: Division by zero in C:\xampp\htdocs\m_capacitaciones\assets\php\evaluacion_api.php:385
Stack trace:
#0 {main}
  thrown in C:\xampp\htdocs\m_capacitaciones\assets\php\evaluacion_api.php on line 385
[02-Dec-2025 20:41:45 Europe/Berlin] PHP Warning:  Undefined variable $limit in C:\xampp\htdocs\m_capacitaciones\assets\php\evaluacion_api.php on line 375
[02-Dec-2025 20:41:45 Europe/Berlin] PHP Warning:  Undefined variable $limit in C:\xampp\htdocs\m_capacitaciones\assets\php\evaluacion_api.php on line 385
[02-Dec-2025 20:41:45 Europe/Berlin] PHP Fatal error:  Uncaught DivisionByZeroError: Division by zero in C:\xampp\htdocs\m_capacitaciones\assets\php\evaluacion_api.php:385
Stack trace:
#0 {main}
  thrown in C:\xampp\htdocs\m_capacitaciones\assets\php\evaluacion_api.php on line 385
[02-Dec-2025 20:42:12 Europe/Berlin] PHP Warning:  Undefined variable $limit in C:\xampp\htdocs\m_capacitaciones\assets\php\evaluacion_api.php on line 375
[02-Dec-2025 20:42:12 Europe/Berlin] PHP Warning:  Undefined variable $limit in C:\xampp\htdocs\m_capacitaciones\assets\php\evaluacion_api.php on line 385
[02-Dec-2025 20:42:12 Europe/Berlin] PHP Fatal error:  Uncaught DivisionByZeroError: Division by zero in C:\xampp\htdocs\m_capacitaciones\assets\php\evaluacion_api.php:385
Stack trace:
#0 {main}
  thrown in C:\xampp\htdocs\m_capacitaciones\assets\php\evaluacion_api.php on line 385
[02-Dec-2025 20:45:07 Europe/Berlin] PHP Warning:  Undefined variable $limit in C:\xampp\htdocs\m_capacitaciones\assets\php\evaluacion_api.php on line 375
[02-Dec-2025 20:45:07 Europe/Berlin] PHP Warning:  Undefined variable $limit in C:\xampp\htdocs\m_capacitaciones\assets\php\evaluacion_api.php on line 385
[02-Dec-2025 20:45:07 Europe/Berlin] PHP Fatal error:  Uncaught DivisionByZeroError: Division by zero in C:\xampp\htdocs\m_capacitaciones\assets\php\evaluacion_api.php:385
Stack trace:
#0 {main}
  thrown in C:\xampp\htdocs\m_capacitaciones\assets\php\evaluacion_api.php on line 385
[02-Dec-2025 20:45:08 Europe/Berlin] PHP Warning:  Undefined variable $limit in C:\xampp\htdocs\m_capacitaciones\assets\php\evaluacion_api.php on line 375
[02-Dec-2025 20:45:08 Europe/Berlin] PHP Warning:  Undefined variable $limit in C:\xampp\htdocs\m_capacitaciones\assets\php\evaluacion_api.php on line 385
[02-Dec-2025 20:45:08 Europe/Berlin] PHP Fatal error:  Uncaught DivisionByZeroError: Division by zero in C:\xampp\htdocs\m_capacitaciones\assets\php\evaluacion_api.php:385
Stack trace:
#0 {main}
  thrown in C:\xampp\htdocs\m_capacitaciones\assets\php\evaluacion_api.php on line 385
[02-Dec-2025 20:45:08 Europe/Berlin] PHP Warning:  Undefined variable $limit in C:\xampp\htdocs\m_capacitaciones\assets\php\evaluacion_api.php on line 375
[02-Dec-2025 20:45:08 Europe/Berlin] PHP Warning:  Undefined variable $limit in C:\xampp\htdocs\m_capacitaciones\assets\php\evaluacion_api.php on line 385
[02-Dec-2025 20:45:08 Europe/Berlin] PHP Fatal error:  Uncaught DivisionByZeroError: Division by zero in C:\xampp\htdocs\m_capacitaciones\assets\php\evaluacion_api.php:385
Stack trace:
#0 {main}
  thrown in C:\xampp\htdocs\m_capacitaciones\assets\php\evaluacion_api.php on line 385
[02-Dec-2025 20:45:08 Europe/Berlin] PHP Warning:  Undefined variable $limit in C:\xampp\htdocs\m_capacitaciones\assets\php\evaluacion_api.php on line 375
[02-Dec-2025 20:45:08 Europe/Berlin] PHP Warning:  Undefined variable $limit in C:\xampp\htdocs\m_capacitaciones\assets\php\evaluacion_api.php on line 385
[02-Dec-2025 20:45:08 Europe/Berlin] PHP Fatal error:  Uncaught DivisionByZeroError: Division by zero in C:\xampp\htdocs\m_capacitaciones\assets\php\evaluacion_api.php:385
Stack trace:
#0 {main}
  thrown in C:\xampp\htdocs\m_capacitaciones\assets\php\evaluacion_api.php on line 385
[02-Dec-2025 20:47:52 Europe/Berlin] PHP Warning:  Undefined variable $limit in C:\xampp\htdocs\m_capacitaciones\assets\php\evaluacion_api.php on line 375
[02-Dec-2025 20:47:52 Europe/Berlin] PHP Warning:  Undefined variable $evaluaciones in C:\xampp\htdocs\m_capacitaciones\assets\php\evaluacion_api.php on line 380
[02-Dec-2025 20:47:52 Europe/Berlin] PHP Fatal error:  Uncaught TypeError: count(): Argument #1 ($value) must be of type Countable|array, null given in C:\xampp\htdocs\m_capacitaciones\assets\php\evaluacion_api.php:380
Stack trace:
#0 {main}
  thrown in C:\xampp\htdocs\m_capacitaciones\assets\php\evaluacion_api.php on line 380
[02-Dec-2025 20:47:53 Europe/Berlin] PHP Warning:  Undefined variable $limit in C:\xampp\htdocs\m_capacitaciones\assets\php\evaluacion_api.php on line 375
[02-Dec-2025 20:47:53 Europe/Berlin] PHP Warning:  Undefined variable $evaluaciones in C:\xampp\htdocs\m_capacitaciones\assets\php\evaluacion_api.php on line 380
[02-Dec-2025 20:47:53 Europe/Berlin] PHP Fatal error:  Uncaught TypeError: count(): Argument #1 ($value) must be of type Countable|array, null given in C:\xampp\htdocs\m_capacitaciones\assets\php\evaluacion_api.php:380
Stack trace:
#0 {main}
  thrown in C:\xampp\htdocs\m_capacitaciones\assets\php\evaluacion_api.php on line 380
[02-Dec-2025 20:47:54 Europe/Berlin] PHP Warning:  Undefined variable $limit in C:\xampp\htdocs\m_capacitaciones\assets\php\evaluacion_api.php on line 375
[02-Dec-2025 20:47:54 Europe/Berlin] PHP Warning:  Undefined variable $evaluaciones in C:\xampp\htdocs\m_capacitaciones\assets\php\evaluacion_api.php on line 380
[02-Dec-2025 20:47:54 Europe/Berlin] PHP Fatal error:  Uncaught TypeError: count(): Argument #1 ($value) must be of type Countable|array, null given in C:\xampp\htdocs\m_capacitaciones\assets\php\evaluacion_api.php:380
Stack trace:
#0 {main}
  thrown in C:\xampp\htdocs\m_capacitaciones\assets\php\evaluacion_api.php on line 380
[02-Dec-2025 20:47:54 Europe/Berlin] PHP Warning:  Undefined variable $limit in C:\xampp\htdocs\m_capacitaciones\assets\php\evaluacion_api.php on line 375
[02-Dec-2025 20:47:54 Europe/Berlin] PHP Warning:  Undefined variable $evaluaciones in C:\xampp\htdocs\m_capacitaciones\assets\php\evaluacion_api.php on line 380
[02-Dec-2025 20:47:54 Europe/Berlin] PHP Fatal error:  Uncaught TypeError: count(): Argument #1 ($value) must be of type Countable|array, null given in C:\xampp\htdocs\m_capacitaciones\assets\php\evaluacion_api.php:380
Stack trace:
#0 {main}
  thrown in C:\xampp\htdocs\m_capacitaciones\assets\php\evaluacion_api.php on line 380
[02-Dec-2025 20:47:55 Europe/Berlin] PHP Warning:  Undefined variable $limit in C:\xampp\htdocs\m_capacitaciones\assets\php\evaluacion_api.php on line 375
[02-Dec-2025 20:47:55 Europe/Berlin] PHP Warning:  Undefined variable $evaluaciones in C:\xampp\htdocs\m_capacitaciones\assets\php\evaluacion_api.php on line 380
[02-Dec-2025 20:47:55 Europe/Berlin] PHP Fatal error:  Uncaught TypeError: count(): Argument #1 ($value) must be of type Countable|array, null given in C:\xampp\htdocs\m_capacitaciones\assets\php\evaluacion_api.php:380
Stack trace:
#0 {main}
  thrown in C:\xampp\htdocs\m_capacitaciones\assets\php\evaluacion_api.php on line 380
[02-Dec-2025 20:47:55 Europe/Berlin] PHP Warning:  Undefined variable $limit in C:\xampp\htdocs\m_capacitaciones\assets\php\evaluacion_api.php on line 375
[02-Dec-2025 20:47:55 Europe/Berlin] PHP Warning:  Undefined variable $evaluaciones in C:\xampp\htdocs\m_capacitaciones\assets\php\evaluacion_api.php on line 380
[02-Dec-2025 20:47:55 Europe/Berlin] PHP Fatal error:  Uncaught TypeError: count(): Argument #1 ($value) must be of type Countable|array, null given in C:\xampp\htdocs\m_capacitaciones\assets\php\evaluacion_api.php:380
Stack trace:
#0 {main}
  thrown in C:\xampp\htdocs\m_capacitaciones\assets\php\evaluacion_api.php on line 380
[02-Dec-2025 20:47:56 Europe/Berlin] PHP Warning:  Undefined variable $limit in C:\xampp\htdocs\m_capacitaciones\assets\php\evaluacion_api.php on line 375
[02-Dec-2025 20:47:56 Europe/Berlin] PHP Warning:  Undefined variable $evaluaciones in C:\xampp\htdocs\m_capacitaciones\assets\php\evaluacion_api.php on line 380
[02-Dec-2025 20:47:56 Europe/Berlin] PHP Fatal error:  Uncaught TypeError: count(): Argument #1 ($value) must be of type Countable|array, null given in C:\xampp\htdocs\m_capacitaciones\assets\php\evaluacion_api.php:380
Stack trace:
#0 {main}
  thrown in C:\xampp\htdocs\m_capacitaciones\assets\php\evaluacion_api.php on line 380
[02-Dec-2025 20:47:56 Europe/Berlin] PHP Warning:  Undefined variable $limit in C:\xampp\htdocs\m_capacitaciones\assets\php\evaluacion_api.php on line 375
[02-Dec-2025 20:47:56 Europe/Berlin] PHP Warning:  Undefined variable $evaluaciones in C:\xampp\htdocs\m_capacitaciones\assets\php\evaluacion_api.php on line 380
[02-Dec-2025 20:47:56 Europe/Berlin] PHP Fatal error:  Uncaught TypeError: count(): Argument #1 ($value) must be of type Countable|array, null given in C:\xampp\htdocs\m_capacitaciones\assets\php\evaluacion_api.php:380
Stack trace:
#0 {main}
  thrown in C:\xampp\htdocs\m_capacitaciones\assets\php\evaluacion_api.php on line 380
[02-Dec-2025 20:47:57 Europe/Berlin] PHP Warning:  Undefined variable $limit in C:\xampp\htdocs\m_capacitaciones\assets\php\evaluacion_api.php on line 375
[02-Dec-2025 20:47:57 Europe/Berlin] PHP Warning:  Undefined variable $evaluaciones in C:\xampp\htdocs\m_capacitaciones\assets\php\evaluacion_api.php on line 380
[02-Dec-2025 20:47:57 Europe/Berlin] PHP Fatal error:  Uncaught TypeError: count(): Argument #1 ($value) must be of type Countable|array, null given in C:\xampp\htdocs\m_capacitaciones\assets\php\evaluacion_api.php:380
Stack trace:
#0 {main}
  thrown in C:\xampp\htdocs\m_capacitaciones\assets\php\evaluacion_api.php on line 380
[02-Dec-2025 20:47:57 Europe/Berlin] PHP Warning:  Undefined variable $limit in C:\xampp\htdocs\m_capacitaciones\assets\php\evaluacion_api.php on line 375
[02-Dec-2025 20:47:57 Europe/Berlin] PHP Warning:  Undefined variable $evaluaciones in C:\xampp\htdocs\m_capacitaciones\assets\php\evaluacion_api.php on line 380
[02-Dec-2025 20:47:57 Europe/Berlin] PHP Fatal error:  Uncaught TypeError: count(): Argument #1 ($value) must be of type Countable|array, null given in C:\xampp\htdocs\m_capacitaciones\assets\php\evaluacion_api.php:380
Stack trace:
#0 {main}
  thrown in C:\xampp\htdocs\m_capacitaciones\assets\php\evaluacion_api.php on line 380
[02-Dec-2025 20:47:57 Europe/Berlin] PHP Warning:  Undefined variable $limit in C:\xampp\htdocs\m_capacitaciones\assets\php\evaluacion_api.php on line 375
[02-Dec-2025 20:47:57 Europe/Berlin] PHP Warning:  Undefined variable $evaluaciones in C:\xampp\htdocs\m_capacitaciones\assets\php\evaluacion_api.php on line 380
[02-Dec-2025 20:47:57 Europe/Berlin] PHP Fatal error:  Uncaught TypeError: count(): Argument #1 ($value) must be of type Countable|array, null given in C:\xampp\htdocs\m_capacitaciones\assets\php\evaluacion_api.php:380
Stack trace:
#0 {main}
  thrown in C:\xampp\htdocs\m_capacitaciones\assets\php\evaluacion_api.php on line 380
[02-Dec-2025 20:47:57 Europe/Berlin] PHP Warning:  Undefined variable $limit in C:\xampp\htdocs\m_capacitaciones\assets\php\evaluacion_api.php on line 375
[02-Dec-2025 20:47:57 Europe/Berlin] PHP Warning:  Undefined variable $evaluaciones in C:\xampp\htdocs\m_capacitaciones\assets\php\evaluacion_api.php on line 380
[02-Dec-2025 20:47:57 Europe/Berlin] PHP Fatal error:  Uncaught TypeError: count(): Argument #1 ($value) must be of type Countable|array, null given in C:\xampp\htdocs\m_capacitaciones\assets\php\evaluacion_api.php:380
Stack trace:
#0 {main}
  thrown in C:\xampp\htdocs\m_capacitaciones\assets\php\evaluacion_api.php on line 380
[02-Dec-2025 20:48:24 Europe/Berlin] PHP Warning:  Undefined variable $limit in C:\xampp\htdocs\m_capacitaciones\assets\php\evaluacion_api.php on line 375
[02-Dec-2025 20:48:24 Europe/Berlin] PHP Warning:  Undefined variable $evaluaciones in C:\xampp\htdocs\m_capacitaciones\assets\php\evaluacion_api.php on line 380
[02-Dec-2025 20:48:24 Europe/Berlin] PHP Fatal error:  Uncaught TypeError: count(): Argument #1 ($value) must be of type Countable|array, null given in C:\xampp\htdocs\m_capacitaciones\assets\php\evaluacion_api.php:380
Stack trace:
#0 {main}
  thrown in C:\xampp\htdocs\m_capacitaciones\assets\php\evaluacion_api.php on line 380
[02-Dec-2025 20:48:25 Europe/Berlin] PHP Warning:  Undefined variable $limit in C:\xampp\htdocs\m_capacitaciones\assets\php\evaluacion_api.php on line 375
[02-Dec-2025 20:48:25 Europe/Berlin] PHP Warning:  Undefined variable $evaluaciones in C:\xampp\htdocs\m_capacitaciones\assets\php\evaluacion_api.php on line 380
[02-Dec-2025 20:48:25 Europe/Berlin] PHP Fatal error:  Uncaught TypeError: count(): Argument #1 ($value) must be of type Countable|array, null given in C:\xampp\htdocs\m_capacitaciones\assets\php\evaluacion_api.php:380
Stack trace:
#0 {main}
  thrown in C:\xampp\htdocs\m_capacitaciones\assets\php\evaluacion_api.php on line 380
[02-Dec-2025 20:48:25 Europe/Berlin] PHP Warning:  Undefined variable $limit in C:\xampp\htdocs\m_capacitaciones\assets\php\evaluacion_api.php on line 375
[02-Dec-2025 20:48:25 Europe/Berlin] PHP Warning:  Undefined variable $evaluaciones in C:\xampp\htdocs\m_capacitaciones\assets\php\evaluacion_api.php on line 380
[02-Dec-2025 20:48:25 Europe/Berlin] PHP Fatal error:  Uncaught TypeError: count(): Argument #1 ($value) must be of type Countable|array, null given in C:\xampp\htdocs\m_capacitaciones\assets\php\evaluacion_api.php:380
Stack trace:
#0 {main}
  thrown in C:\xampp\htdocs\m_capacitaciones\assets\php\evaluacion_api.php on line 380
[02-Dec-2025 20:49:37 Europe/Berlin] PHP Warning:  Undefined variable $limit in C:\xampp\htdocs\m_capacitaciones\assets\php\evaluacion_api.php on line 375
[02-Dec-2025 20:49:38 Europe/Berlin] PHP Warning:  Undefined variable $limit in C:\xampp\htdocs\m_capacitaciones\assets\php\evaluacion_api.php on line 375
[02-Dec-2025 20:49:38 Europe/Berlin] PHP Warning:  Undefined variable $limit in C:\xampp\htdocs\m_capacitaciones\assets\php\evaluacion_api.php on line 375
[02-Dec-2025 20:49:39 Europe/Berlin] PHP Warning:  Undefined variable $limit in C:\xampp\htdocs\m_capacitaciones\assets\php\evaluacion_api.php on line 375
[02-Dec-2025 20:49:39 Europe/Berlin] PHP Warning:  Undefined variable $limit in C:\xampp\htdocs\m_capacitaciones\assets\php\evaluacion_api.php on line 375
[02-Dec-2025 20:49:39 Europe/Berlin] PHP Warning:  Undefined variable $limit in C:\xampp\htdocs\m_capacitaciones\assets\php\evaluacion_api.php on line 375
[02-Dec-2025 20:49:40 Europe/Berlin] PHP Warning:  Undefined variable $limit in C:\xampp\htdocs\m_capacitaciones\assets\php\evaluacion_api.php on line 375
[02-Dec-2025 20:49:40 Europe/Berlin] PHP Warning:  Undefined variable $limit in C:\xampp\htdocs\m_capacitaciones\assets\php\evaluacion_api.php on line 375
[02-Dec-2025 20:49:41 Europe/Berlin] PHP Warning:  Undefined variable $limit in C:\xampp\htdocs\m_capacitaciones\assets\php\evaluacion_api.php on line 375
[02-Dec-2025 20:49:41 Europe/Berlin] PHP Warning:  Undefined variable $limit in C:\xampp\htdocs\m_capacitaciones\assets\php\evaluacion_api.php on line 375
[02-Dec-2025 20:49:41 Europe/Berlin] PHP Warning:  Undefined variable $limit in C:\xampp\htdocs\m_capacitaciones\assets\php\evaluacion_api.php on line 375
[02-Dec-2025 20:49:42 Europe/Berlin] PHP Warning:  Undefined variable $limit in C:\xampp\htdocs\m_capacitaciones\assets\php\evaluacion_api.php on line 375
[02-Dec-2025 20:49:42 Europe/Berlin] PHP Warning:  Undefined variable $limit in C:\xampp\htdocs\m_capacitaciones\assets\php\evaluacion_api.php on line 375
[02-Dec-2025 20:51:32 Europe/Berlin] PHP Warning:  Undefined variable $limit in C:\xampp\htdocs\m_capacitaciones\assets\php\evaluacion_api.php on line 375
[02-Dec-2025 20:51:32 Europe/Berlin] PHP Warning:  Undefined variable $limit in C:\xampp\htdocs\m_capacitaciones\assets\php\evaluacion_api.php on line 426
[02-Dec-2025 20:51:32 Europe/Berlin] PHP Fatal error:  Uncaught DivisionByZeroError: Division by zero in C:\xampp\htdocs\m_capacitaciones\assets\php\evaluacion_api.php:426
Stack trace:
#0 {main}
  thrown in C:\xampp\htdocs\m_capacitaciones\assets\php\evaluacion_api.php on line 426
[02-Dec-2025 20:53:05 Europe/Berlin] PHP Warning:  Undefined variable $limit in C:\xampp\htdocs\m_capacitaciones\assets\php\evaluacion_api.php on line 375
[02-Dec-2025 20:53:05 Europe/Berlin] PHP Warning:  Undefined variable $limit in C:\xampp\htdocs\m_capacitaciones\assets\php\evaluacion_api.php on line 426
[02-Dec-2025 20:53:05 Europe/Berlin] PHP Fatal error:  Uncaught DivisionByZeroError: Division by zero in C:\xampp\htdocs\m_capacitaciones\assets\php\evaluacion_api.php:426
Stack trace:
#0 {main}
  thrown in C:\xampp\htdocs\m_capacitaciones\assets\php\evaluacion_api.php on line 426
[02-Dec-2025 20:53:06 Europe/Berlin] PHP Warning:  Undefined variable $limit in C:\xampp\htdocs\m_capacitaciones\assets\php\evaluacion_api.php on line 375
[02-Dec-2025 20:53:06 Europe/Berlin] PHP Warning:  Undefined variable $limit in C:\xampp\htdocs\m_capacitaciones\assets\php\evaluacion_api.php on line 426
[02-Dec-2025 20:53:06 Europe/Berlin] PHP Fatal error:  Uncaught DivisionByZeroError: Division by zero in C:\xampp\htdocs\m_capacitaciones\assets\php\evaluacion_api.php:426
Stack trace:
#0 {main}
  thrown in C:\xampp\htdocs\m_capacitaciones\assets\php\evaluacion_api.php on line 426
[02-Dec-2025 20:53:07 Europe/Berlin] PHP Warning:  Undefined variable $limit in C:\xampp\htdocs\m_capacitaciones\assets\php\evaluacion_api.php on line 375
[02-Dec-2025 20:53:07 Europe/Berlin] PHP Warning:  Undefined variable $limit in C:\xampp\htdocs\m_capacitaciones\assets\php\evaluacion_api.php on line 426
[02-Dec-2025 20:53:07 Europe/Berlin] PHP Fatal error:  Uncaught DivisionByZeroError: Division by zero in C:\xampp\htdocs\m_capacitaciones\assets\php\evaluacion_api.php:426
Stack trace:
#0 {main}
  thrown in C:\xampp\htdocs\m_capacitaciones\assets\php\evaluacion_api.php on line 426
[03-Dec-2025 03:44:30 Europe/Berlin] File uploaded successfully by user 1: login_image_day_1764729870_ea8a9ca0e041a10c.jpg
[03-Dec-2025 03:44:31 Europe/Berlin] File uploaded successfully by user 1: login_image_night_1764729871_ac5642a652bf7caf.jpg
[03-Dec-2025 03:54:25 Europe/Berlin] Training file uploaded by user 1 for form 454: propuesta_cctv_1764730465_4c998ff16a7d2c2b.pdf
[03-Dec-2025 21:43:03 Europe/Berlin] Training file uploaded by user 1 for form 455: 20251127_1101_Textura_de_Palma_simple_compose_01kb30mb8je8evn7wkpks1ye2v_1764794583_4a6652dfab4771f7.png
[04-Dec-2025 03:00:29 Europe/Berlin] Laboratory API PDO Error: SQLSTATE[42702]: Ambiguous column: 7 ERROR:  la referencia a la columna «fecha_hora» es ambigua
LINE 11: ...     WHERE ($1 = 0 OR ma.id_tanque = $2) AND DATE(fecha_hora...
                                                              ^
[04-Dec-2025 16:12:39 Europe/Berlin] Laboratory API PDO Error: SQLSTATE[42702]: Ambiguous column: 7 ERROR:  la referencia a la columna «fecha_hora» es ambigua
LINE 11: ...     WHERE ($1 = 0 OR ma.id_tanque = $2) AND DATE(fecha_hora...
                                                              ^
[04-Dec-2025 18:24:03 Europe/Berlin] Laboratory API PDO Error: SQLSTATE[42702]: Ambiguous column: 7 ERROR:  la referencia a la columna «fecha_hora» es ambigua
LINE 11: ...     WHERE ($1 = 0 OR ma.id_tanque = $2) AND DATE(fecha_hora...
                                                              ^
[04-Dec-2025 18:24:08 Europe/Berlin] Laboratory API PDO Error: SQLSTATE[42702]: Ambiguous column: 7 ERROR:  la referencia a la columna «fecha_hora» es ambigua
LINE 11: ...     WHERE ($1 = 0 OR ma.id_tanque = $2) AND DATE(fecha_hora...
                                                              ^
